20-Nov-2022 08:00:48.346 INFO [main] org.apache.catalina.startup.VersionLoggerListener.log Server version name:   Apache Tomcat/10.0.27
20-Nov-2022 08:00:48.361 INFO [main] org.apache.catalina.startup.VersionLoggerListener.log Server built:          Oct 3 2022 14:18:31 UTC
20-Nov-2022 08:00:48.361 INFO [main] org.apache.catalina.startup.VersionLoggerListener.log Server version number: 10.0.27.0
20-Nov-2022 08:00:48.362 INFO [main] org.apache.catalina.startup.VersionLoggerListener.log OS Name:               Mac OS X
20-Nov-2022 08:00:48.362 INFO [main] org.apache.catalina.startup.VersionLoggerListener.log OS Version:            10.16
20-Nov-2022 08:00:48.362 INFO [main] org.apache.catalina.startup.VersionLoggerListener.log Architecture:          x86_64
20-Nov-2022 08:00:48.362 INFO [main] org.apache.catalina.startup.VersionLoggerListener.log Java Home:             /Library/Java/JavaVirtualMachines/jdk-11.0.2.jdk/Contents/Home
20-Nov-2022 08:00:48.362 INFO [main] org.apache.catalina.startup.VersionLoggerListener.log JVM Version:           11.0.2+9-LTS
20-Nov-2022 08:00:48.362 INFO [main] org.apache.catalina.startup.VersionLoggerListener.log JVM Vendor:            Oracle Corporation
20-Nov-2022 08:00:48.362 INFO [main] org.apache.catalina.startup.VersionLoggerListener.log CATALINA_BASE:         /Users/alanwang/myWebProject/tomcat
20-Nov-2022 08:00:48.362 INFO [main] org.apache.catalina.startup.VersionLoggerListener.log CATALINA_HOME:         /Users/alanwang/myWebProject/tomcat
20-Nov-2022 08:00:48.399 INFO [main] org.apache.catalina.startup.VersionLoggerListener.log Command line argument: --add-opens=java.base/java.lang=ALL-UNNAMED
20-Nov-2022 08:00:48.400 INFO [main] org.apache.catalina.startup.VersionLoggerListener.log Command line argument: --add-opens=java.base/java.io=ALL-UNNAMED
20-Nov-2022 08:00:48.400 INFO [main] org.apache.catalina.startup.VersionLoggerListener.log Command line argument: --add-opens=java.base/java.util=ALL-UNNAMED
20-Nov-2022 08:00:48.400 INFO [main] org.apache.catalina.startup.VersionLoggerListener.log Command line argument: --add-opens=java.base/java.util.concurrent=ALL-UNNAMED
20-Nov-2022 08:00:48.400 INFO [main] org.apache.catalina.startup.VersionLoggerListener.log Command line argument: --add-opens=java.rmi/sun.rmi.transport=ALL-UNNAMED
20-Nov-2022 08:00:48.400 INFO [main] org.apache.catalina.startup.VersionLoggerListener.log Command line argument: -Djava.util.logging.config.file=/Users/alanwang/myWebProject/tomcat/conf/logging.properties
20-Nov-2022 08:00:48.401 INFO [main] org.apache.catalina.startup.VersionLoggerListener.log Command line argument: -Djava.util.logging.manager=org.apache.juli.ClassLoaderLogManager
20-Nov-2022 08:00:48.401 INFO [main] org.apache.catalina.startup.VersionLoggerListener.log Command line argument: -Djdk.tls.ephemeralDHKeySize=2048
20-Nov-2022 08:00:48.401 INFO [main] org.apache.catalina.startup.VersionLoggerListener.log Command line argument: -Djava.protocol.handler.pkgs=org.apache.catalina.webresources
20-Nov-2022 08:00:48.402 INFO [main] org.apache.catalina.startup.VersionLoggerListener.log Command line argument: -Dorg.apache.catalina.security.SecurityListener.UMASK=0027
20-Nov-2022 08:00:48.402 INFO [main] org.apache.catalina.startup.VersionLoggerListener.log Command line argument: -Dignore.endorsed.dirs=
20-Nov-2022 08:00:48.402 INFO [main] org.apache.catalina.startup.VersionLoggerListener.log Command line argument: -Dcatalina.base=/Users/alanwang/myWebProject/tomcat
20-Nov-2022 08:00:48.403 INFO [main] org.apache.catalina.startup.VersionLoggerListener.log Command line argument: -Dcatalina.home=/Users/alanwang/myWebProject/tomcat
20-Nov-2022 08:00:48.403 INFO [main] org.apache.catalina.startup.VersionLoggerListener.log Command line argument: -Djava.io.tmpdir=/Users/alanwang/myWebProject/tomcat/temp
20-Nov-2022 08:00:48.407 INFO [main] org.apache.catalina.core.AprLifecycleListener.lifecycleEvent The Apache Tomcat Native library which allows using OpenSSL was not found on the java.library.path: [/Users/alanwang/Library/Java/Extensions:/Library/Java/Extensions:/Network/Library/Java/Extensions:/System/Library/Java/Extensions:/usr/lib/java:.]
20-Nov-2022 08:00:49.128 INFO [main] org.apache.coyote.AbstractProtocol.init Initializing ProtocolHandler ["http-nio-9999"]
20-Nov-2022 08:00:49.179 INFO [main] org.apache.catalina.startup.Catalina.load Server initialization in [1177] milliseconds
20-Nov-2022 08:00:49.293 INFO [main] org.apache.catalina.core.StandardService.startInternal Starting service [Catalina]
20-Nov-2022 08:00:49.293 INFO [main] org.apache.catalina.core.StandardEngine.startInternal Starting Servlet engine: [Apache Tomcat/10.0.27]
20-Nov-2022 08:00:49.300 INFO [main] org.apache.catalina.startup.HostConfig.deployDirectory Deploying web application directory [/Users/alanwang/myWebProject/tomcat/webapps/docs]
20-Nov-2022 08:00:50.336 INFO [main] org.apache.jasper.servlet.TldScanner.scanJars At least one JAR was scanned for TLDs yet contained no TLDs. Enable debug logging for this logger for a complete list of JARs that were scanned but no TLDs were found in them. Skipping unneeded JARs during scanning can improve startup time and JSP compilation time.
20-Nov-2022 08:00:50.409 INFO [main] org.apache.catalina.startup.HostConfig.deployDirectory Deployment of web application directory [/Users/alanwang/myWebProject/tomcat/webapps/docs] has finished in [1,108] ms
20-Nov-2022 08:00:50.409 INFO [main] org.apache.catalina.startup.HostConfig.deployDirectory Deploying web application directory [/Users/alanwang/myWebProject/tomcat/webapps/manager]
20-Nov-2022 08:00:50.704 INFO [main] org.apache.jasper.servlet.TldScanner.scanJars At least one JAR was scanned for TLDs yet contained no TLDs. Enable debug logging for this logger for a complete list of JARs that were scanned but no TLDs were found in them. Skipping unneeded JARs during scanning can improve startup time and JSP compilation time.
20-Nov-2022 08:00:50.724 INFO [main] org.apache.catalina.startup.HostConfig.deployDirectory Deployment of web application directory [/Users/alanwang/myWebProject/tomcat/webapps/manager] has finished in [315] ms
20-Nov-2022 08:00:50.725 INFO [main] org.apache.catalina.startup.HostConfig.deployDirectory Deploying web application directory [/Users/alanwang/myWebProject/tomcat/webapps/examples]
20-Nov-2022 08:00:51.371 INFO [main] org.apache.jasper.servlet.TldScanner.scanJars At least one JAR was scanned for TLDs yet contained no TLDs. Enable debug logging for this logger for a complete list of JARs that were scanned but no TLDs were found in them. Skipping unneeded JARs during scanning can improve startup time and JSP compilation time.
20-Nov-2022 08:00:51.414 INFO [main] org.apache.catalina.startup.HostConfig.deployDirectory Deployment of web application directory [/Users/alanwang/myWebProject/tomcat/webapps/examples] has finished in [688] ms
20-Nov-2022 08:00:51.414 INFO [main] org.apache.catalina.startup.HostConfig.deployDirectory Deploying web application directory [/Users/alanwang/myWebProject/tomcat/webapps/ROOT]
20-Nov-2022 08:00:51.670 INFO [main] org.apache.jasper.servlet.TldScanner.scanJars At least one JAR was scanned for TLDs yet contained no TLDs. Enable debug logging for this logger for a complete list of JARs that were scanned but no TLDs were found in them. Skipping unneeded JARs during scanning can improve startup time and JSP compilation time.
20-Nov-2022 08:00:51.675 INFO [main] org.apache.catalina.startup.HostConfig.deployDirectory Deployment of web application directory [/Users/alanwang/myWebProject/tomcat/webapps/ROOT] has finished in [260] ms
20-Nov-2022 08:00:51.676 INFO [main] org.apache.catalina.startup.HostConfig.deployDirectory Deploying web application directory [/Users/alanwang/myWebProject/tomcat/webapps/hello]
20-Nov-2022 08:00:52.004 INFO [main] org.apache.jasper.servlet.TldScanner.scanJars At least one JAR was scanned for TLDs yet contained no TLDs. Enable debug logging for this logger for a complete list of JARs that were scanned but no TLDs were found in them. Skipping unneeded JARs during scanning can improve startup time and JSP compilation time.
20-Nov-2022 08:00:52.034 INFO [main] org.apache.catalina.startup.HostConfig.deployDirectory Deployment of web application directory [/Users/alanwang/myWebProject/tomcat/webapps/hello] has finished in [355] ms
20-Nov-2022 08:00:52.035 INFO [main] org.apache.catalina.startup.HostConfig.deployDirectory Deploying web application directory [/Users/alanwang/myWebProject/tomcat/webapps/host-manager]
20-Nov-2022 08:00:52.315 INFO [main] org.apache.jasper.servlet.TldScanner.scanJars At least one JAR was scanned for TLDs yet contained no TLDs. Enable debug logging for this logger for a complete list of JARs that were scanned but no TLDs were found in them. Skipping unneeded JARs during scanning can improve startup time and JSP compilation time.
20-Nov-2022 08:00:52.320 INFO [main] org.apache.catalina.startup.HostConfig.deployDirectory Deployment of web application directory [/Users/alanwang/myWebProject/tomcat/webapps/host-manager] has finished in [284] ms
20-Nov-2022 08:00:52.325 INFO [main] org.apache.coyote.AbstractProtocol.start Starting ProtocolHandler ["http-nio-9999"]
20-Nov-2022 08:00:52.350 INFO [main] org.apache.catalina.startup.Catalina.start Server startup in [3169] milliseconds
20-Nov-2022 08:02:24.209 INFO [Thread-1] org.apache.coyote.AbstractProtocol.pause Pausing ProtocolHandler ["http-nio-9999"]
20-Nov-2022 08:02:24.223 INFO [Thread-1] org.apache.catalina.core.StandardService.stopInternal Stopping service [Catalina]
20-Nov-2022 08:02:24.358 INFO [Thread-1] org.apache.coyote.AbstractProtocol.stop Stopping ProtocolHandler ["http-nio-9999"]
20-Nov-2022 08:02:24.380 INFO [Thread-1] org.apache.coyote.AbstractProtocol.destroy Destroying ProtocolHandler ["http-nio-9999"]
20-Nov-2022 08:02:36.588 INFO [main] org.apache.catalina.startup.VersionLoggerListener.log Server version name:   Apache Tomcat/10.0.27
20-Nov-2022 08:02:36.603 INFO [main] org.apache.catalina.startup.VersionLoggerListener.log Server built:          Oct 3 2022 14:18:31 UTC
20-Nov-2022 08:02:36.603 INFO [main] org.apache.catalina.startup.VersionLoggerListener.log Server version number: 10.0.27.0
20-Nov-2022 08:02:36.604 INFO [main] org.apache.catalina.startup.VersionLoggerListener.log OS Name:               Mac OS X
20-Nov-2022 08:02:36.604 INFO [main] org.apache.catalina.startup.VersionLoggerListener.log OS Version:            10.16
20-Nov-2022 08:02:36.604 INFO [main] org.apache.catalina.startup.VersionLoggerListener.log Architecture:          x86_64
20-Nov-2022 08:02:36.604 INFO [main] org.apache.catalina.startup.VersionLoggerListener.log Java Home:             /Library/Java/JavaVirtualMachines/jdk-11.0.2.jdk/Contents/Home
20-Nov-2022 08:02:36.604 INFO [main] org.apache.catalina.startup.VersionLoggerListener.log JVM Version:           11.0.2+9-LTS
20-Nov-2022 08:02:36.605 INFO [main] org.apache.catalina.startup.VersionLoggerListener.log JVM Vendor:            Oracle Corporation
20-Nov-2022 08:02:36.605 INFO [main] org.apache.catalina.startup.VersionLoggerListener.log CATALINA_BASE:         /Users/alanwang/myWebProject/tomcat
20-Nov-2022 08:02:36.605 INFO [main] org.apache.catalina.startup.VersionLoggerListener.log CATALINA_HOME:         /Users/alanwang/myWebProject/tomcat
20-Nov-2022 08:02:36.636 INFO [main] org.apache.catalina.startup.VersionLoggerListener.log Command line argument: --add-opens=java.base/java.lang=ALL-UNNAMED
20-Nov-2022 08:02:36.637 INFO [main] org.apache.catalina.startup.VersionLoggerListener.log Command line argument: --add-opens=java.base/java.io=ALL-UNNAMED
20-Nov-2022 08:02:36.637 INFO [main] org.apache.catalina.startup.VersionLoggerListener.log Command line argument: --add-opens=java.base/java.util=ALL-UNNAMED
20-Nov-2022 08:02:36.637 INFO [main] org.apache.catalina.startup.VersionLoggerListener.log Command line argument: --add-opens=java.base/java.util.concurrent=ALL-UNNAMED
20-Nov-2022 08:02:36.637 INFO [main] org.apache.catalina.startup.VersionLoggerListener.log Command line argument: --add-opens=java.rmi/sun.rmi.transport=ALL-UNNAMED
20-Nov-2022 08:02:36.637 INFO [main] org.apache.catalina.startup.VersionLoggerListener.log Command line argument: -Djava.util.logging.config.file=/Users/alanwang/myWebProject/tomcat/conf/logging.properties
20-Nov-2022 08:02:36.637 INFO [main] org.apache.catalina.startup.VersionLoggerListener.log Command line argument: -Djava.util.logging.manager=org.apache.juli.ClassLoaderLogManager
20-Nov-2022 08:02:36.638 INFO [main] org.apache.catalina.startup.VersionLoggerListener.log Command line argument: -Djdk.tls.ephemeralDHKeySize=2048
20-Nov-2022 08:02:36.638 INFO [main] org.apache.catalina.startup.VersionLoggerListener.log Command line argument: -Djava.protocol.handler.pkgs=org.apache.catalina.webresources
20-Nov-2022 08:02:36.639 INFO [main] org.apache.catalina.startup.VersionLoggerListener.log Command line argument: -Dorg.apache.catalina.security.SecurityListener.UMASK=0027
20-Nov-2022 08:02:36.640 INFO [main] org.apache.catalina.startup.VersionLoggerListener.log Command line argument: -Dignore.endorsed.dirs=
20-Nov-2022 08:02:36.640 INFO [main] org.apache.catalina.startup.VersionLoggerListener.log Command line argument: -Dcatalina.base=/Users/alanwang/myWebProject/tomcat
20-Nov-2022 08:02:36.640 INFO [main] org.apache.catalina.startup.VersionLoggerListener.log Command line argument: -Dcatalina.home=/Users/alanwang/myWebProject/tomcat
20-Nov-2022 08:02:36.640 INFO [main] org.apache.catalina.startup.VersionLoggerListener.log Command line argument: -Djava.io.tmpdir=/Users/alanwang/myWebProject/tomcat/temp
20-Nov-2022 08:02:36.647 INFO [main] org.apache.catalina.core.AprLifecycleListener.lifecycleEvent The Apache Tomcat Native library which allows using OpenSSL was not found on the java.library.path: [/Users/alanwang/Library/Java/Extensions:/Library/Java/Extensions:/Network/Library/Java/Extensions:/System/Library/Java/Extensions:/usr/lib/java:.]
20-Nov-2022 08:02:37.411 INFO [main] org.apache.coyote.AbstractProtocol.init Initializing ProtocolHandler ["http-nio-9999"]
20-Nov-2022 08:02:37.463 INFO [main] org.apache.catalina.startup.Catalina.load Server initialization in [1205] milliseconds
20-Nov-2022 08:02:37.577 INFO [main] org.apache.catalina.core.StandardService.startInternal Starting service [Catalina]
20-Nov-2022 08:02:37.577 INFO [main] org.apache.catalina.core.StandardEngine.startInternal Starting Servlet engine: [Apache Tomcat/10.0.27]
20-Nov-2022 08:02:37.587 INFO [main] org.apache.catalina.startup.HostConfig.deployDirectory Deploying web application directory [/Users/alanwang/myWebProject/tomcat/webapps/docs]
20-Nov-2022 08:02:38.589 INFO [main] org.apache.jasper.servlet.TldScanner.scanJars At least one JAR was scanned for TLDs yet contained no TLDs. Enable debug logging for this logger for a complete list of JARs that were scanned but no TLDs were found in them. Skipping unneeded JARs during scanning can improve startup time and JSP compilation time.
20-Nov-2022 08:02:38.655 INFO [main] org.apache.catalina.startup.HostConfig.deployDirectory Deployment of web application directory [/Users/alanwang/myWebProject/tomcat/webapps/docs] has finished in [1,068] ms
20-Nov-2022 08:02:38.656 INFO [main] org.apache.catalina.startup.HostConfig.deployDirectory Deploying web application directory [/Users/alanwang/myWebProject/tomcat/webapps/manager]
20-Nov-2022 08:02:38.946 INFO [main] org.apache.jasper.servlet.TldScanner.scanJars At least one JAR was scanned for TLDs yet contained no TLDs. Enable debug logging for this logger for a complete list of JARs that were scanned but no TLDs were found in them. Skipping unneeded JARs during scanning can improve startup time and JSP compilation time.
20-Nov-2022 08:02:38.965 INFO [main] org.apache.catalina.startup.HostConfig.deployDirectory Deployment of web application directory [/Users/alanwang/myWebProject/tomcat/webapps/manager] has finished in [309] ms
20-Nov-2022 08:02:38.966 INFO [main] org.apache.catalina.startup.HostConfig.deployDirectory Deploying web application directory [/Users/alanwang/myWebProject/tomcat/webapps/examples]
20-Nov-2022 08:02:39.558 INFO [main] org.apache.jasper.servlet.TldScanner.scanJars At least one JAR was scanned for TLDs yet contained no TLDs. Enable debug logging for this logger for a complete list of JARs that were scanned but no TLDs were found in them. Skipping unneeded JARs during scanning can improve startup time and JSP compilation time.
20-Nov-2022 08:02:39.616 INFO [main] org.apache.catalina.startup.HostConfig.deployDirectory Deployment of web application directory [/Users/alanwang/myWebProject/tomcat/webapps/examples] has finished in [651] ms
20-Nov-2022 08:02:39.616 INFO [main] org.apache.catalina.startup.HostConfig.deployDirectory Deploying web application directory [/Users/alanwang/myWebProject/tomcat/webapps/ROOT]
20-Nov-2022 08:02:39.927 INFO [main] org.apache.jasper.servlet.TldScanner.scanJars At least one JAR was scanned for TLDs yet contained no TLDs. Enable debug logging for this logger for a complete list of JARs that were scanned but no TLDs were found in them. Skipping unneeded JARs during scanning can improve startup time and JSP compilation time.
20-Nov-2022 08:02:39.931 INFO [main] org.apache.catalina.startup.HostConfig.deployDirectory Deployment of web application directory [/Users/alanwang/myWebProject/tomcat/webapps/ROOT] has finished in [315] ms
20-Nov-2022 08:02:39.932 INFO [main] org.apache.catalina.startup.HostConfig.deployDirectory Deploying web application directory [/Users/alanwang/myWebProject/tomcat/webapps/hello]
20-Nov-2022 08:02:40.211 INFO [main] org.apache.jasper.servlet.TldScanner.scanJars At least one JAR was scanned for TLDs yet contained no TLDs. Enable debug logging for this logger for a complete list of JARs that were scanned but no TLDs were found in them. Skipping unneeded JARs during scanning can improve startup time and JSP compilation time.
20-Nov-2022 08:02:40.228 INFO [main] org.apache.catalina.startup.HostConfig.deployDirectory Deployment of web application directory [/Users/alanwang/myWebProject/tomcat/webapps/hello] has finished in [296] ms
20-Nov-2022 08:02:40.229 INFO [main] org.apache.catalina.startup.HostConfig.deployDirectory Deploying web application directory [/Users/alanwang/myWebProject/tomcat/webapps/host-manager]
20-Nov-2022 08:02:40.459 INFO [main] org.apache.jasper.servlet.TldScanner.scanJars At least one JAR was scanned for TLDs yet contained no TLDs. Enable debug logging for this logger for a complete list of JARs that were scanned but no TLDs were found in them. Skipping unneeded JARs during scanning can improve startup time and JSP compilation time.
20-Nov-2022 08:02:40.471 INFO [main] org.apache.catalina.startup.HostConfig.deployDirectory Deployment of web application directory [/Users/alanwang/myWebProject/tomcat/webapps/host-manager] has finished in [242] ms
20-Nov-2022 08:02:40.476 INFO [main] org.apache.coyote.AbstractProtocol.start Starting ProtocolHandler ["http-nio-9999"]
20-Nov-2022 08:02:40.494 INFO [main] org.apache.catalina.startup.Catalina.start Server startup in [3030] milliseconds
20-Nov-2022 08:03:10.599 INFO [Catalina-utility-1] org.apache.catalina.core.StandardContext.reload Reloading Context with name [/hello] has started
20-Nov-2022 08:03:10.973 INFO [Catalina-utility-1] org.apache.jasper.servlet.TldScanner.scanJars At least one JAR was scanned for TLDs yet contained no TLDs. Enable debug logging for this logger for a complete list of JARs that were scanned but no TLDs were found in them. Skipping unneeded JARs during scanning can improve startup time and JSP compilation time.
20-Nov-2022 08:03:10.982 INFO [Catalina-utility-1] org.apache.catalina.core.StandardContext.reload Reloading Context with name [/hello] is completed
20-Nov-2022 08:03:12.330 INFO [Thread-1] org.apache.coyote.AbstractProtocol.pause Pausing ProtocolHandler ["http-nio-9999"]
20-Nov-2022 08:03:12.341 INFO [Thread-1] org.apache.catalina.core.StandardService.stopInternal Stopping service [Catalina]
20-Nov-2022 08:03:12.451 INFO [Thread-1] org.apache.coyote.AbstractProtocol.stop Stopping ProtocolHandler ["http-nio-9999"]
20-Nov-2022 08:03:12.475 INFO [Thread-1] org.apache.coyote.AbstractProtocol.destroy Destroying ProtocolHandler ["http-nio-9999"]
20-Nov-2022 08:03:13.861 INFO [main] org.apache.catalina.startup.VersionLoggerListener.log Server version name:   Apache Tomcat/10.0.27
20-Nov-2022 08:03:13.876 INFO [main] org.apache.catalina.startup.VersionLoggerListener.log Server built:          Oct 3 2022 14:18:31 UTC
20-Nov-2022 08:03:13.877 INFO [main] org.apache.catalina.startup.VersionLoggerListener.log Server version number: 10.0.27.0
20-Nov-2022 08:03:13.877 INFO [main] org.apache.catalina.startup.VersionLoggerListener.log OS Name:               Mac OS X
20-Nov-2022 08:03:13.878 INFO [main] org.apache.catalina.startup.VersionLoggerListener.log OS Version:            10.16
20-Nov-2022 08:03:13.878 INFO [main] org.apache.catalina.startup.VersionLoggerListener.log Architecture:          x86_64
20-Nov-2022 08:03:13.878 INFO [main] org.apache.catalina.startup.VersionLoggerListener.log Java Home:             /Library/Java/JavaVirtualMachines/jdk-11.0.2.jdk/Contents/Home
20-Nov-2022 08:03:13.878 INFO [main] org.apache.catalina.startup.VersionLoggerListener.log JVM Version:           11.0.2+9-LTS
20-Nov-2022 08:03:13.878 INFO [main] org.apache.catalina.startup.VersionLoggerListener.log JVM Vendor:            Oracle Corporation
20-Nov-2022 08:03:13.878 INFO [main] org.apache.catalina.startup.VersionLoggerListener.log CATALINA_BASE:         /Users/alanwang/myWebProject/tomcat
20-Nov-2022 08:03:13.879 INFO [main] org.apache.catalina.startup.VersionLoggerListener.log CATALINA_HOME:         /Users/alanwang/myWebProject/tomcat
20-Nov-2022 08:03:13.907 INFO [main] org.apache.catalina.startup.VersionLoggerListener.log Command line argument: --add-opens=java.base/java.lang=ALL-UNNAMED
20-Nov-2022 08:03:13.907 INFO [main] org.apache.catalina.startup.VersionLoggerListener.log Command line argument: --add-opens=java.base/java.io=ALL-UNNAMED
20-Nov-2022 08:03:13.908 INFO [main] org.apache.catalina.startup.VersionLoggerListener.log Command line argument: --add-opens=java.base/java.util=ALL-UNNAMED
20-Nov-2022 08:03:13.908 INFO [main] org.apache.catalina.startup.VersionLoggerListener.log Command line argument: --add-opens=java.base/java.util.concurrent=ALL-UNNAMED
20-Nov-2022 08:03:13.909 INFO [main] org.apache.catalina.startup.VersionLoggerListener.log Command line argument: --add-opens=java.rmi/sun.rmi.transport=ALL-UNNAMED
20-Nov-2022 08:03:13.909 INFO [main] org.apache.catalina.startup.VersionLoggerListener.log Command line argument: -Djava.util.logging.config.file=/Users/alanwang/myWebProject/tomcat/conf/logging.properties
20-Nov-2022 08:03:13.909 INFO [main] org.apache.catalina.startup.VersionLoggerListener.log Command line argument: -Djava.util.logging.manager=org.apache.juli.ClassLoaderLogManager
20-Nov-2022 08:03:13.909 INFO [main] org.apache.catalina.startup.VersionLoggerListener.log Command line argument: -Djdk.tls.ephemeralDHKeySize=2048
20-Nov-2022 08:03:13.909 INFO [main] org.apache.catalina.startup.VersionLoggerListener.log Command line argument: -Djava.protocol.handler.pkgs=org.apache.catalina.webresources
20-Nov-2022 08:03:13.909 INFO [main] org.apache.catalina.startup.VersionLoggerListener.log Command line argument: -Dorg.apache.catalina.security.SecurityListener.UMASK=0027
20-Nov-2022 08:03:13.910 INFO [main] org.apache.catalina.startup.VersionLoggerListener.log Command line argument: -Dignore.endorsed.dirs=
20-Nov-2022 08:03:13.910 INFO [main] org.apache.catalina.startup.VersionLoggerListener.log Command line argument: -Dcatalina.base=/Users/alanwang/myWebProject/tomcat
20-Nov-2022 08:03:13.910 INFO [main] org.apache.catalina.startup.VersionLoggerListener.log Command line argument: -Dcatalina.home=/Users/alanwang/myWebProject/tomcat
20-Nov-2022 08:03:13.910 INFO [main] org.apache.catalina.startup.VersionLoggerListener.log Command line argument: -Djava.io.tmpdir=/Users/alanwang/myWebProject/tomcat/temp
20-Nov-2022 08:03:13.916 INFO [main] org.apache.catalina.core.AprLifecycleListener.lifecycleEvent The Apache Tomcat Native library which allows using OpenSSL was not found on the java.library.path: [/Users/alanwang/Library/Java/Extensions:/Library/Java/Extensions:/Network/Library/Java/Extensions:/System/Library/Java/Extensions:/usr/lib/java:.]
20-Nov-2022 08:03:14.583 INFO [main] org.apache.coyote.AbstractProtocol.init Initializing ProtocolHandler ["http-nio-9999"]
20-Nov-2022 08:03:14.630 INFO [main] org.apache.catalina.startup.Catalina.load Server initialization in [1081] milliseconds
20-Nov-2022 08:03:14.741 INFO [main] org.apache.catalina.core.StandardService.startInternal Starting service [Catalina]
20-Nov-2022 08:03:14.741 INFO [main] org.apache.catalina.core.StandardEngine.startInternal Starting Servlet engine: [Apache Tomcat/10.0.27]
20-Nov-2022 08:03:14.748 INFO [main] org.apache.catalina.startup.HostConfig.deployDirectory Deploying web application directory [/Users/alanwang/myWebProject/tomcat/webapps/docs]
20-Nov-2022 08:03:15.763 INFO [main] org.apache.jasper.servlet.TldScanner.scanJars At least one JAR was scanned for TLDs yet contained no TLDs. Enable debug logging for this logger for a complete list of JARs that were scanned but no TLDs were found in them. Skipping unneeded JARs during scanning can improve startup time and JSP compilation time.
20-Nov-2022 08:03:15.828 INFO [main] org.apache.catalina.startup.HostConfig.deployDirectory Deployment of web application directory [/Users/alanwang/myWebProject/tomcat/webapps/docs] has finished in [1,079] ms
20-Nov-2022 08:03:15.828 INFO [main] org.apache.catalina.startup.HostConfig.deployDirectory Deploying web application directory [/Users/alanwang/myWebProject/tomcat/webapps/manager]
20-Nov-2022 08:03:16.093 INFO [main] org.apache.jasper.servlet.TldScanner.scanJars At least one JAR was scanned for TLDs yet contained no TLDs. Enable debug logging for this logger for a complete list of JARs that were scanned but no TLDs were found in them. Skipping unneeded JARs during scanning can improve startup time and JSP compilation time.
20-Nov-2022 08:03:16.107 INFO [main] org.apache.catalina.startup.HostConfig.deployDirectory Deployment of web application directory [/Users/alanwang/myWebProject/tomcat/webapps/manager] has finished in [279] ms
20-Nov-2022 08:03:16.107 INFO [main] org.apache.catalina.startup.HostConfig.deployDirectory Deploying web application directory [/Users/alanwang/myWebProject/tomcat/webapps/examples]
20-Nov-2022 08:03:16.714 INFO [main] org.apache.jasper.servlet.TldScanner.scanJars At least one JAR was scanned for TLDs yet contained no TLDs. Enable debug logging for this logger for a complete list of JARs that were scanned but no TLDs were found in them. Skipping unneeded JARs during scanning can improve startup time and JSP compilation time.
20-Nov-2022 08:03:16.752 INFO [main] org.apache.catalina.startup.HostConfig.deployDirectory Deployment of web application directory [/Users/alanwang/myWebProject/tomcat/webapps/examples] has finished in [645] ms
20-Nov-2022 08:03:16.753 INFO [main] org.apache.catalina.startup.HostConfig.deployDirectory Deploying web application directory [/Users/alanwang/myWebProject/tomcat/webapps/ROOT]
20-Nov-2022 08:03:16.991 INFO [main] org.apache.jasper.servlet.TldScanner.scanJars At least one JAR was scanned for TLDs yet contained no TLDs. Enable debug logging for this logger for a complete list of JARs that were scanned but no TLDs were found in them. Skipping unneeded JARs during scanning can improve startup time and JSP compilation time.
20-Nov-2022 08:03:16.996 INFO [main] org.apache.catalina.startup.HostConfig.deployDirectory Deployment of web application directory [/Users/alanwang/myWebProject/tomcat/webapps/ROOT] has finished in [244] ms
20-Nov-2022 08:03:16.996 INFO [main] org.apache.catalina.startup.HostConfig.deployDirectory Deploying web application directory [/Users/alanwang/myWebProject/tomcat/webapps/hello]
20-Nov-2022 08:03:17.257 INFO [main] org.apache.jasper.servlet.TldScanner.scanJars At least one JAR was scanned for TLDs yet contained no TLDs. Enable debug logging for this logger for a complete list of JARs that were scanned but no TLDs were found in them. Skipping unneeded JARs during scanning can improve startup time and JSP compilation time.
20-Nov-2022 08:03:17.270 INFO [main] org.apache.catalina.startup.HostConfig.deployDirectory Deployment of web application directory [/Users/alanwang/myWebProject/tomcat/webapps/hello] has finished in [274] ms
20-Nov-2022 08:03:17.271 INFO [main] org.apache.catalina.startup.HostConfig.deployDirectory Deploying web application directory [/Users/alanwang/myWebProject/tomcat/webapps/host-manager]
20-Nov-2022 08:03:17.500 INFO [main] org.apache.jasper.servlet.TldScanner.scanJars At least one JAR was scanned for TLDs yet contained no TLDs. Enable debug logging for this logger for a complete list of JARs that were scanned but no TLDs were found in them. Skipping unneeded JARs during scanning can improve startup time and JSP compilation time.
20-Nov-2022 08:03:17.502 INFO [main] org.apache.catalina.startup.HostConfig.deployDirectory Deployment of web application directory [/Users/alanwang/myWebProject/tomcat/webapps/host-manager] has finished in [231] ms
20-Nov-2022 08:03:17.506 INFO [main] org.apache.coyote.AbstractProtocol.start Starting ProtocolHandler ["http-nio-9999"]
20-Nov-2022 08:03:17.526 INFO [main] org.apache.catalina.startup.Catalina.start Server startup in [2895] milliseconds
20-Nov-2022 08:04:06.094 INFO [Thread-1] org.apache.coyote.AbstractProtocol.pause Pausing ProtocolHandler ["http-nio-9999"]
20-Nov-2022 08:04:06.105 INFO [Thread-1] org.apache.catalina.core.StandardService.stopInternal Stopping service [Catalina]
20-Nov-2022 08:04:06.253 INFO [Thread-1] org.apache.coyote.AbstractProtocol.stop Stopping ProtocolHandler ["http-nio-9999"]
20-Nov-2022 08:04:06.278 INFO [Thread-1] org.apache.coyote.AbstractProtocol.destroy Destroying ProtocolHandler ["http-nio-9999"]
20-Nov-2022 08:06:00.499 INFO [main] org.apache.catalina.startup.VersionLoggerListener.log Server version name:   Apache Tomcat/10.0.27
20-Nov-2022 08:06:00.517 INFO [main] org.apache.catalina.startup.VersionLoggerListener.log Server built:          Oct 3 2022 14:18:31 UTC
20-Nov-2022 08:06:00.517 INFO [main] org.apache.catalina.startup.VersionLoggerListener.log Server version number: 10.0.27.0
20-Nov-2022 08:06:00.518 INFO [main] org.apache.catalina.startup.VersionLoggerListener.log OS Name:               Mac OS X
20-Nov-2022 08:06:00.518 INFO [main] org.apache.catalina.startup.VersionLoggerListener.log OS Version:            10.16
20-Nov-2022 08:06:00.518 INFO [main] org.apache.catalina.startup.VersionLoggerListener.log Architecture:          x86_64
20-Nov-2022 08:06:00.518 INFO [main] org.apache.catalina.startup.VersionLoggerListener.log Java Home:             /Library/Java/JavaVirtualMachines/jdk-11.0.2.jdk/Contents/Home
20-Nov-2022 08:06:00.518 INFO [main] org.apache.catalina.startup.VersionLoggerListener.log JVM Version:           11.0.2+9-LTS
20-Nov-2022 08:06:00.518 INFO [main] org.apache.catalina.startup.VersionLoggerListener.log JVM Vendor:            Oracle Corporation
20-Nov-2022 08:06:00.518 INFO [main] org.apache.catalina.startup.VersionLoggerListener.log CATALINA_BASE:         /Users/alanwang/myWebProject/tomcat
20-Nov-2022 08:06:00.519 INFO [main] org.apache.catalina.startup.VersionLoggerListener.log CATALINA_HOME:         /Users/alanwang/myWebProject/tomcat
20-Nov-2022 08:06:00.543 INFO [main] org.apache.catalina.startup.VersionLoggerListener.log Command line argument: --add-opens=java.base/java.lang=ALL-UNNAMED
20-Nov-2022 08:06:00.543 INFO [main] org.apache.catalina.startup.VersionLoggerListener.log Command line argument: --add-opens=java.base/java.io=ALL-UNNAMED
20-Nov-2022 08:06:00.544 INFO [main] org.apache.catalina.startup.VersionLoggerListener.log Command line argument: --add-opens=java.base/java.util=ALL-UNNAMED
20-Nov-2022 08:06:00.544 INFO [main] org.apache.catalina.startup.VersionLoggerListener.log Command line argument: --add-opens=java.base/java.util.concurrent=ALL-UNNAMED
20-Nov-2022 08:06:00.544 INFO [main] org.apache.catalina.startup.VersionLoggerListener.log Command line argument: --add-opens=java.rmi/sun.rmi.transport=ALL-UNNAMED
20-Nov-2022 08:06:00.544 INFO [main] org.apache.catalina.startup.VersionLoggerListener.log Command line argument: -Djava.util.logging.config.file=/Users/alanwang/myWebProject/tomcat/conf/logging.properties
20-Nov-2022 08:06:00.545 INFO [main] org.apache.catalina.startup.VersionLoggerListener.log Command line argument: -Djava.util.logging.manager=org.apache.juli.ClassLoaderLogManager
20-Nov-2022 08:06:00.546 INFO [main] org.apache.catalina.startup.VersionLoggerListener.log Command line argument: -Djdk.tls.ephemeralDHKeySize=2048
20-Nov-2022 08:06:00.546 INFO [main] org.apache.catalina.startup.VersionLoggerListener.log Command line argument: -Djava.protocol.handler.pkgs=org.apache.catalina.webresources
20-Nov-2022 08:06:00.546 INFO [main] org.apache.catalina.startup.VersionLoggerListener.log Command line argument: -Dorg.apache.catalina.security.SecurityListener.UMASK=0027
20-Nov-2022 08:06:00.546 INFO [main] org.apache.catalina.startup.VersionLoggerListener.log Command line argument: -Dignore.endorsed.dirs=
20-Nov-2022 08:06:00.546 INFO [main] org.apache.catalina.startup.VersionLoggerListener.log Command line argument: -Dcatalina.base=/Users/alanwang/myWebProject/tomcat
20-Nov-2022 08:06:00.546 INFO [main] org.apache.catalina.startup.VersionLoggerListener.log Command line argument: -Dcatalina.home=/Users/alanwang/myWebProject/tomcat
20-Nov-2022 08:06:00.546 INFO [main] org.apache.catalina.startup.VersionLoggerListener.log Command line argument: -Djava.io.tmpdir=/Users/alanwang/myWebProject/tomcat/temp
20-Nov-2022 08:06:00.551 INFO [main] org.apache.catalina.core.AprLifecycleListener.lifecycleEvent The Apache Tomcat Native library which allows using OpenSSL was not found on the java.library.path: [/Users/alanwang/Library/Java/Extensions:/Library/Java/Extensions:/Network/Library/Java/Extensions:/System/Library/Java/Extensions:/usr/lib/java:.]
20-Nov-2022 08:06:01.260 INFO [main] org.apache.coyote.AbstractProtocol.init Initializing ProtocolHandler ["http-nio-9999"]
20-Nov-2022 08:06:01.307 INFO [main] org.apache.catalina.startup.Catalina.load Server initialization in [1167] milliseconds
20-Nov-2022 08:06:01.421 INFO [main] org.apache.catalina.core.StandardService.startInternal Starting service [Catalina]
20-Nov-2022 08:06:01.421 INFO [main] org.apache.catalina.core.StandardEngine.startInternal Starting Servlet engine: [Apache Tomcat/10.0.27]
20-Nov-2022 08:06:01.428 INFO [main] org.apache.catalina.startup.HostConfig.deployDirectory Deploying web application directory [/Users/alanwang/myWebProject/tomcat/webapps/docs]
20-Nov-2022 08:06:02.440 INFO [main] org.apache.jasper.servlet.TldScanner.scanJars At least one JAR was scanned for TLDs yet contained no TLDs. Enable debug logging for this logger for a complete list of JARs that were scanned but no TLDs were found in them. Skipping unneeded JARs during scanning can improve startup time and JSP compilation time.
20-Nov-2022 08:06:02.513 INFO [main] org.apache.catalina.startup.HostConfig.deployDirectory Deployment of web application directory [/Users/alanwang/myWebProject/tomcat/webapps/docs] has finished in [1,083] ms
20-Nov-2022 08:06:02.514 INFO [main] org.apache.catalina.startup.HostConfig.deployDirectory Deploying web application directory [/Users/alanwang/myWebProject/tomcat/webapps/manager]
20-Nov-2022 08:06:02.811 INFO [main] org.apache.jasper.servlet.TldScanner.scanJars At least one JAR was scanned for TLDs yet contained no TLDs. Enable debug logging for this logger for a complete list of JARs that were scanned but no TLDs were found in them. Skipping unneeded JARs during scanning can improve startup time and JSP compilation time.
20-Nov-2022 08:06:02.834 INFO [main] org.apache.catalina.startup.HostConfig.deployDirectory Deployment of web application directory [/Users/alanwang/myWebProject/tomcat/webapps/manager] has finished in [320] ms
20-Nov-2022 08:06:02.835 INFO [main] org.apache.catalina.startup.HostConfig.deployDirectory Deploying web application directory [/Users/alanwang/myWebProject/tomcat/webapps/examples]
20-Nov-2022 08:06:03.385 INFO [main] org.apache.jasper.servlet.TldScanner.scanJars At least one JAR was scanned for TLDs yet contained no TLDs. Enable debug logging for this logger for a complete list of JARs that were scanned but no TLDs were found in them. Skipping unneeded JARs during scanning can improve startup time and JSP compilation time.
20-Nov-2022 08:06:03.410 INFO [main] org.apache.catalina.startup.HostConfig.deployDirectory Deployment of web application directory [/Users/alanwang/myWebProject/tomcat/webapps/examples] has finished in [575] ms
20-Nov-2022 08:06:03.410 INFO [main] org.apache.catalina.startup.HostConfig.deployDirectory Deploying web application directory [/Users/alanwang/myWebProject/tomcat/webapps/ROOT]
20-Nov-2022 08:06:03.611 INFO [main] org.apache.jasper.servlet.TldScanner.scanJars At least one JAR was scanned for TLDs yet contained no TLDs. Enable debug logging for this logger for a complete list of JARs that were scanned but no TLDs were found in them. Skipping unneeded JARs during scanning can improve startup time and JSP compilation time.
20-Nov-2022 08:06:03.616 INFO [main] org.apache.catalina.startup.HostConfig.deployDirectory Deployment of web application directory [/Users/alanwang/myWebProject/tomcat/webapps/ROOT] has finished in [206] ms
20-Nov-2022 08:06:03.617 INFO [main] org.apache.catalina.startup.HostConfig.deployDirectory Deploying web application directory [/Users/alanwang/myWebProject/tomcat/webapps/hello]
20-Nov-2022 08:06:04.023 INFO [main] org.apache.jasper.servlet.TldScanner.scanJars At least one JAR was scanned for TLDs yet contained no TLDs. Enable debug logging for this logger for a complete list of JARs that were scanned but no TLDs were found in them. Skipping unneeded JARs during scanning can improve startup time and JSP compilation time.
20-Nov-2022 08:06:04.050 INFO [main] org.apache.catalina.startup.HostConfig.deployDirectory Deployment of web application directory [/Users/alanwang/myWebProject/tomcat/webapps/hello] has finished in [432] ms
20-Nov-2022 08:06:04.051 INFO [main] org.apache.catalina.startup.HostConfig.deployDirectory Deploying web application directory [/Users/alanwang/myWebProject/tomcat/webapps/host-manager]
20-Nov-2022 08:06:04.311 INFO [main] org.apache.jasper.servlet.TldScanner.scanJars At least one JAR was scanned for TLDs yet contained no TLDs. Enable debug logging for this logger for a complete list of JARs that were scanned but no TLDs were found in them. Skipping unneeded JARs during scanning can improve startup time and JSP compilation time.
20-Nov-2022 08:06:04.312 INFO [main] org.apache.catalina.startup.HostConfig.deployDirectory Deployment of web application directory [/Users/alanwang/myWebProject/tomcat/webapps/host-manager] has finished in [261] ms
20-Nov-2022 08:06:04.321 INFO [main] org.apache.coyote.AbstractProtocol.start Starting ProtocolHandler ["http-nio-9999"]
20-Nov-2022 08:06:04.361 INFO [main] org.apache.catalina.startup.Catalina.start Server startup in [3053] milliseconds
20-Nov-2022 08:06:36.540 INFO [Thread-1] org.apache.coyote.AbstractProtocol.pause Pausing ProtocolHandler ["http-nio-9999"]
20-Nov-2022 08:06:36.549 INFO [Thread-1] org.apache.catalina.core.StandardService.stopInternal Stopping service [Catalina]
20-Nov-2022 08:06:36.690 INFO [Thread-1] org.apache.coyote.AbstractProtocol.stop Stopping ProtocolHandler ["http-nio-9999"]
20-Nov-2022 08:06:36.709 INFO [Thread-1] org.apache.coyote.AbstractProtocol.destroy Destroying ProtocolHandler ["http-nio-9999"]
