20-Nov-2022 08:00:51.385 INFO [main] org.apache.catalina.core.ApplicationContext.log ContextListener: contextInitialized()
20-Nov-2022 08:00:51.385 INFO [main] org.apache.catalina.core.ApplicationContext.log SessionListener: contextInitialized()
20-Nov-2022 08:00:51.387 INFO [main] org.apache.catalina.core.ApplicationContext.log ContextListener: attributeAdded('StockTicker', 'async.Stockticker@51768776')
20-Nov-2022 08:02:24.300 INFO [Thread-1] org.apache.catalina.core.ApplicationContext.log SessionListener: contextDestroyed()
20-Nov-2022 08:02:24.301 INFO [Thread-1] org.apache.catalina.core.ApplicationContext.log ContextListener: contextDestroyed()
20-Nov-2022 08:02:39.595 INFO [main] org.apache.catalina.core.ApplicationContext.log ContextListener: contextInitialized()
20-Nov-2022 08:02:39.596 INFO [main] org.apache.catalina.core.ApplicationContext.log SessionListener: contextInitialized()
20-Nov-2022 08:02:39.598 INFO [main] org.apache.catalina.core.ApplicationContext.log ContextListener: attributeAdded('StockTicker', 'async.Stockticker@4a9419d7')
20-Nov-2022 08:03:12.386 INFO [Thread-1] org.apache.catalina.core.ApplicationContext.log SessionListener: contextDestroyed()
20-Nov-2022 08:03:12.386 INFO [Thread-1] org.apache.catalina.core.ApplicationContext.log ContextListener: contextDestroyed()
20-Nov-2022 08:03:16.732 INFO [main] org.apache.catalina.core.ApplicationContext.log ContextListener: contextInitialized()
20-Nov-2022 08:03:16.732 INFO [main] org.apache.catalina.core.ApplicationContext.log SessionListener: contextInitialized()
20-Nov-2022 08:03:16.735 INFO [main] org.apache.catalina.core.ApplicationContext.log ContextListener: attributeAdded('StockTicker', 'async.Stockticker@51768776')
20-Nov-2022 08:04:06.181 INFO [Thread-1] org.apache.catalina.core.ApplicationContext.log SessionListener: contextDestroyed()
20-Nov-2022 08:04:06.182 INFO [Thread-1] org.apache.catalina.core.ApplicationContext.log ContextListener: contextDestroyed()
20-Nov-2022 08:06:03.395 INFO [main] org.apache.catalina.core.ApplicationContext.log ContextListener: contextInitialized()
20-Nov-2022 08:06:03.395 INFO [main] org.apache.catalina.core.ApplicationContext.log SessionListener: contextInitialized()
20-Nov-2022 08:06:03.396 INFO [main] org.apache.catalina.core.ApplicationContext.log ContextListener: attributeAdded('StockTicker', 'async.Stockticker@51768776')
20-Nov-2022 08:06:36.624 INFO [Thread-1] org.apache.catalina.core.ApplicationContext.log SessionListener: contextDestroyed()
20-Nov-2022 08:06:36.624 INFO [Thread-1] org.apache.catalina.core.ApplicationContext.log ContextListener: contextDestroyed()
